<?xml version="1.0" encoding="UTF-8"?>
<!-- Generated by org.testng.reporters.JUnitReportReporter -->
<testsuite skipped="0" hostname="QMAC0271.local" name="com.test.qa.test.HandlingDynamicElements" tests="6" failures="0" timestamp="16 May 2020 09:56:20 GMT" time="55.014" errors="0">
  <testcase name="titleVerifaction" time="5.219" classname="com.test.qa.test.HandlingDynamicElements"/>
  <testcase name="verifySerachbox" time="8.844" classname="com.test.qa.test.HandlingDynamicElements"/>
  <testcase name="verifyEmptyQuery" time="11.967" classname="com.test.qa.test.HandlingDynamicElements"/>
  <testcase name="verifyResult" time="4.945" classname="com.test.qa.test.HandlingDynamicElements"/>
  <testcase name="verifyNoResult" time="11.746" classname="com.test.qa.test.HandlingDynamicElements"/>
  <testcase name="verifySingleResult" time="12.293" classname="com.test.qa.test.HandlingDynamicElements"/>
</testsuite> <!-- com.test.qa.test.HandlingDynamicElements -->
